# JRE version: OpenJDK Runtime Environment (8.0_152-b01) (build 1.8.0_152-release-1024-b01)
# Java VM: OpenJDK 64-Bit Server VM (25.152-b01 mixed mode linux-amd64 compressed oops)
Heap:
 PSYoungGen      total 471552K, used 315860K [0x00000000e0000000, 0x00000000ffb00000, 0x0000000100000000)
  eden space 423424K, 70% used [0x00000000e0000000,0x00000000f250e928,0x00000000f9d80000)
  from space 48128K, 32% used [0x00000000fcb00000,0x00000000fda66810,0x00000000ffa00000)
  to   space 46592K, 0% used [0x00000000f9d80000,0x00000000f9d80000,0x00000000fcb00000)
 ParOldGen       total 315392K, used 87727K [0x00000000a0000000, 0x00000000b3400000, 0x00000000e0000000)
  object space 315392K, 27% used [0x00000000a0000000,0x00000000a55abd98,0x00000000b3400000)
 Metaspace       used 144379K, capacity 153900K, committed 159616K, reserved 1187840K
  class space    used 17832K, capacity 19703K, committed 20864K, reserved 1048576K
GC Heap History (10 events):
Event: 23501.351 GC heap before
{Heap before GC invocations=93 (full 5):
 PSYoungGen      total 448000K, used 447611K [0x00000000e0000000, 0x0000000100000000, 0x0000000100000000)
  eden space 412672K, 100% used [0x00000000e0000000,0x00000000f9300000,0x00000000f9300000)
  from space 35328K, 98% used [0x00000000f9300000,0x00000000fb51ed10,0x00000000fb580000)
  to   space 57856K, 0% used [0x00000000fc780000,0x00000000fc780000,0x0000000100000000)
 ParOldGen       total 315392K, used 87695K [0x00000000a0000000, 0x00000000b3400000, 0x00000000e0000000)
  object space 315392K, 27% used [0x00000000a0000000,0x00000000a55a3d98,0x00000000b3400000)
 Metaspace       used 144128K, capacity 153416K, committed 159616K, reserved 1187840K
  class space    used 17793K, capacity 19607K, committed 20864K, reserved 1048576K
Event: 23501.406 GC heap after
Heap after GC invocations=93 (full 5):
 PSYoungGen      total 470016K, used 20802K [0x00000000e0000000, 0x0000000100000000, 0x0000000100000000)
  eden space 412160K, 0% used [0x00000000e0000000,0x00000000e0000000,0x00000000f9280000)
  from space 57856K, 35% used [0x00000000fc780000,0x00000000fdbd0918,0x0000000100000000)
  to   space 54272K, 0% used [0x00000000f9280000,0x00000000f9280000,0x00000000fc780000)
 ParOldGen       total 315392K, used 87703K [0x00000000a0000000, 0x00000000b3400000, 0x00000000e0000000)
  object space 315392K, 27% used [0x00000000a0000000,0x00000000a55a5d98,0x00000000b3400000)
 Metaspace       used 144128K, capacity 153416K, committed 159616K, reserved 1187840K
  class space    used 17793K, capacity 19607K, committed 20864K, reserved 1048576K
}
Event: 24263.167 GC heap before
{Heap before GC invocations=94 (full 5):
 PSYoungGen      total 470016K, used 432962K [0x00000000e0000000, 0x0000000100000000, 0x0000000100000000)
  eden space 412160K, 100% used [0x00000000e0000000,0x00000000f9280000,0x00000000f9280000)
  from space 57856K, 35% used [0x00000000fc780000,0x00000000fdbd0918,0x0000000100000000)
  to   space 54272K, 0% used [0x00000000f9280000,0x00000000f9280000,0x00000000fc780000)
 ParOldGen       total 315392K, used 87703K [0x00000000a0000000, 0x00000000b3400000, 0x00000000e0000000)
  object space 315392K, 27% used [0x00000000a0000000,0x00000000a55a5d98,0x00000000b3400000)
 Metaspace       used 144181K, capacity 153488K, committed 159616K, reserved 1187840K
  class space    used 17800K, capacity 19619K, committed 20864K, reserved 1048576K
Event: 24263.190 GC heap after
Heap after GC invocations=94 (full 5):
 PSYoungGen      total 435712K, used 23482K [0x00000000e0000000, 0x00000000ff880000, 0x0000000100000000)
  eden space 412160K, 0% used [0x00000000e0000000,0x00000000e0000000,0x00000000f9280000)
  from space 23552K, 99% used [0x00000000f9280000,0x00000000fa96e830,0x00000000fa980000)
  to   space 52224K, 0% used [0x00000000fc580000,0x00000000fc580000,0x00000000ff880000)
 ParOldGen       total 315392K, used 87711K [0x00000000a0000000, 0x00000000b3400000, 0x00000000e0000000)
  object space 315392K, 27% used [0x00000000a0000000,0x00000000a55a7d98,0x00000000b3400000)
 Metaspace       used 144181K, capacity 153488K, committed 159616K, reserved 1187840K
  class space    used 17800K, capacity 19619K, committed 20864K, reserved 1048576K
}
Event: 24264.909 GC heap before
{Heap before GC invocations=95 (full 5):
 PSYoungGen      total 435712K, used 435602K [0x00000000e0000000, 0x00000000ff880000, 0x0000000100000000)
  eden space 412160K, 99% used [0x00000000e0000000,0x00000000f9275fd0,0x00000000f9280000)
  from space 23552K, 99% used [0x00000000f9280000,0x00000000fa96e830,0x00000000fa980000)
  to   space 52224K, 0% used [0x00000000fc580000,0x00000000fc580000,0x00000000ff880000)
 ParOldGen       total 315392K, used 87711K [0x00000000a0000000, 0x00000000b3400000, 0x00000000e0000000)
  object space 315392K, 27% used [0x00000000a0000000,0x00000000a55a7d98,0x00000000b3400000)
 Metaspace       used 144212K, capacity 153506K, committed 159616K, reserved 1187840K
  class space    used 17802K, capacity 19622K, committed 20864K, reserved 1048576K
Event: 24264.932 GC heap after
Heap after GC invocations=95 (full 5):
 PSYoungGen      total 466432K, used 23944K [0x00000000e0000000, 0x0000000100000000, 0x0000000100000000)
  eden space 414208K, 0% used [0x00000000e0000000,0x00000000e0000000,0x00000000f9480000)
  from space 52224K, 45% used [0x00000000fc580000,0x00000000fdce21d0,0x00000000ff880000)
  to   space 50176K, 0% used [0x00000000f9480000,0x00000000f9480000,0x00000000fc580000)
 ParOldGen       total 315392K, used 87719K [0x00000000a0000000, 0x00000000b3400000, 0x00000000e0000000)
  object space 315392K, 27% used [0x00000000a0000000,0x00000000a55a9d98,0x00000000b3400000)
 Metaspace       used 144212K, capacity 153506K, committed 159616K, reserved 1187840K
  class space    used 17802K, capacity 19622K, committed 20864K, reserved 1048576K
}
Event: 24424.568 GC heap before
{Heap before GC invocations=96 (full 5):
 PSYoungGen      total 466432K, used 437956K [0x00000000e0000000, 0x0000000100000000, 0x0000000100000000)
  eden space 414208K, 99% used [0x00000000e0000000,0x00000000f944f058,0x00000000f9480000)
  from space 52224K, 45% used [0x00000000fc580000,0x00000000fdce21d0,0x00000000ff880000)
  to   space 50176K, 0% used [0x00000000f9480000,0x00000000f9480000,0x00000000fc580000)
 ParOldGen       total 315392K, used 87719K [0x00000000a0000000, 0x00000000b3400000, 0x00000000e0000000)
  object space 315392K, 27% used [0x00000000a0000000,0x00000000a55a9d98,0x00000000b3400000)
 Metaspace       used 144273K, capacity 153694K, committed 159616K, reserved 1187840K
  class space    used 17813K, capacity 19642K, committed 20864K, reserved 1048576K
Event: 24424.591 GC heap after
Heap after GC invocations=96 (full 5):
 PSYoungGen      total 464384K, used 23817K [0x00000000e0000000, 0x00000000ffa00000, 0x0000000100000000)
  eden space 414208K, 0% used [0x00000000e0000000,0x00000000e0000000,0x00000000f9480000)
  from space 50176K, 47% used [0x00000000f9480000,0x00000000fabc2798,0x00000000fc580000)
  to   space 48128K, 0% used [0x00000000fcb00000,0x00000000fcb00000,0x00000000ffa00000)
 ParOldGen       total 315392K, used 87727K [0x00000000a0000000, 0x00000000b3400000, 0x00000000e0000000)
  object space 315392K, 27% used [0x00000000a0000000,0x00000000a55abd98,0x00000000b3400000)
 Metaspace       used 144273K, capacity 153694K, committed 159616K, reserved 1187840K
  class space    used 17813K, capacity 19642K, committed 20864K, reserved 1048576K
}
Event: 27990.869 GC heap before
{Heap before GC invocations=97 (full 5):
 PSYoungGen      total 464384K, used 438025K [0x00000000e0000000, 0x00000000ffa00000, 0x0000000100000000)
  eden space 414208K, 100% used [0x00000000e0000000,0x00000000f9480000,0x00000000f9480000)
  from space 50176K, 47% used [0x00000000f9480000,0x00000000fabc2798,0x00000000fc580000)
  to   space 48128K, 0% used [0x00000000fcb00000,0x00000000fcb00000,0x00000000ffa00000)
 ParOldGen       total 315392K, used 87727K [0x00000000a0000000, 0x00000000b3400000, 0x00000000e0000000)
  object space 315392K, 27% used [0x00000000a0000000,0x00000000a55abd98,0x00000000b3400000)
 Metaspace       used 144360K, capacity 153900K, committed 159616K, reserved 1187840K
  class space    used 17831K, capacity 19703K, committed 20864K, reserved 1048576K
Event: 27991.600 GC heap after
Heap after GC invocations=97 (full 5):
 PSYoungGen      total 471552K, used 15770K [0x00000000e0000000, 0x00000000ffb00000, 0x0000000100000000)
  eden space 423424K, 0% used [0x00000000e0000000,0x00000000e0000000,0x00000000f9d80000)
  from space 48128K, 32% used [0x00000000fcb00000,0x00000000fda66810,0x00000000ffa00000)
  to   space 46592K, 0% used [0x00000000f9d80000,0x00000000f9d80000,0x00000000fcb00000)
 ParOldGen       total 315392K, used 87727K [0x00000000a0000000, 0x00000000b3400000, 0x00000000e0000000)
  object space 315392K, 27% used [0x00000000a0000000,0x00000000a55abd98,0x00000000b3400000)
 Metaspace       used 144360K, capacity 153900K, committed 159616K, reserved 1187840K
  class space    used 17831K, capacity 19703K, committed 20864K, reserved 1048576K
}

